2022-02-12 14:25:08,233 [INFO] Activator:177 - 


2022-02-12 14:25:08,236 [INFO] Activator:178 - !SESSION log4j initialized
2022-02-12 14:25:22,410 [INFO] McuFinderGlobals:39 - Set McuFinder mode to 2 (CubeIDE integrated)
2022-02-12 14:25:22,859 [INFO] ApplicationProperties:181 - Using Application install path: C:\ST\STM32CubeIDE_1.7.0\STM32CubeIDE\plugins\com.st.stm32cube.common.mx_6.3.0.202107141111
2022-02-12 14:25:22,870 [INFO] DbMcusXml:74 - Set database path to: C:\ST\STM32CubeIDE_1.7.0\STM32CubeIDE\plugins\com.st.stm32cube.common.mx_6.3.0.202107141111\\db\/mcu/
2022-02-12 14:25:22,877 [INFO] DbBoardsPdsc:56 - Set plugin database path to: C:\ST\STM32CubeIDE_1.7.0\STM32CubeIDE\plugins\com.st.stm32cube.common.mx_6.3.0.202107141111\\db\/plugins/boardmanager/
2022-02-12 14:25:22,879 [INFO] DbMcus:258 - Set plugin images path to: C:\ST\STM32CubeIDE_1.7.0\STM32CubeIDE\plugins\com.st.stm32cube.common.mx_6.3.0.202107141111\\db\/plugins/mcufinder/images/
2022-02-12 14:25:22,880 [INFO] DbBoards:264 - Set plugin images path to: C:\ST\STM32CubeIDE_1.7.0\STM32CubeIDE\plugins\com.st.stm32cube.common.mx_6.3.0.202107141111\\db\/plugins/mcufinder/images/
2022-02-12 14:25:22,880 [INFO] DbExamples:333 - Set plugin images path to: C:\ST\STM32CubeIDE_1.7.0\STM32CubeIDE\plugins\com.st.stm32cube.common.mx_6.3.0.202107141111\\db\/plugins/mcufinder/images/
2022-02-12 14:25:22,885 [INFO] DbMcusAds:119 - Set database path to: C:\Users\Hussam Hamdy\.stmcufinder\plugins\mcufinder//mcu/
2022-02-12 14:25:22,885 [INFO] DbMcusDocs:110 - Set database path to: C:\Users\Hussam Hamdy\.stmcufinder\plugins\mcufinder//mcu/
2022-02-12 14:25:22,892 [INFO] DbMcusJson:64 - Set database path to: C:\Users\Hussam Hamdy\.stmcufinder\plugins\mcufinder//mcu/
2022-02-12 14:25:22,892 [INFO] DbBoardsDocs:110 - Set database path to: C:\Users\Hussam Hamdy\.stmcufinder\plugins\mcufinder//mcu/
2022-02-12 14:25:22,892 [INFO] DbBoardsJson:57 - Set database path to: C:\Users\Hussam Hamdy\.stmcufinder\plugins\mcufinder//mcu/
2022-02-12 14:25:23,012 [INFO] CrossReferenceDbSqlite:196 - Set database path to: C:\Users\Hussam Hamdy\.stmcufinder\plugins\mcufinder//mcu/cs/
2022-02-12 14:25:23,021 [INFO] DbExamplesSqlite:767 - Set database path to: C:\Users\Hussam Hamdy\.stmcufinder\plugins\mcufinder//mcu/
2022-02-12 14:25:23,182 [INFO] RulesReader:57 - Compatibility file has been processed (242 Rules)
2022-02-12 14:25:23,331 [INFO] DbMcusXml:74 - Set database path to: C:\ST\STM32CubeIDE_1.7.0\STM32CubeIDE\plugins\com.st.stm32cube.common.mx_6.3.0.202107141111\\db\/mcu/
2022-02-12 14:25:23,333 [INFO] DbBoardsPdsc:56 - Set plugin database path to: C:\ST\STM32CubeIDE_1.7.0\STM32CubeIDE\plugins\com.st.stm32cube.common.mx_6.3.0.202107141111\\db\/plugins/boardmanager/
2022-02-12 14:25:23,333 [INFO] DbMcus:258 - Set plugin images path to: C:\ST\STM32CubeIDE_1.7.0\STM32CubeIDE\plugins\com.st.stm32cube.common.mx_6.3.0.202107141111\\db\/plugins/mcufinder/images/
2022-02-12 14:25:23,333 [INFO] DbBoards:264 - Set plugin images path to: C:\ST\STM32CubeIDE_1.7.0\STM32CubeIDE\plugins\com.st.stm32cube.common.mx_6.3.0.202107141111\\db\/plugins/mcufinder/images/
2022-02-12 14:25:23,333 [INFO] DbExamples:333 - Set plugin images path to: C:\ST\STM32CubeIDE_1.7.0\STM32CubeIDE\plugins\com.st.stm32cube.common.mx_6.3.0.202107141111\\db\/plugins/mcufinder/images/
2022-02-12 14:25:23,333 [WARN] DbFile:35 - Overriding database path with different value: C:\Users\Hussam Hamdy\.stmcufinder\plugins\mcufinder/ => C:\Users\Hussam Hamdy\.stmcufinder\plugins\mcufinder
2022-02-12 14:25:23,333 [INFO] DbMcusAds:119 - Set database path to: C:\Users\Hussam Hamdy\.stmcufinder\plugins\mcufinder//mcu/
2022-02-12 14:25:23,333 [WARN] DbFile:35 - Overriding database path with different value: C:\Users\Hussam Hamdy\.stmcufinder\plugins\mcufinder/ => C:\Users\Hussam Hamdy\.stmcufinder\plugins\mcufinder
2022-02-12 14:25:23,333 [INFO] DbMcusDocs:110 - Set database path to: C:\Users\Hussam Hamdy\.stmcufinder\plugins\mcufinder//mcu/
2022-02-12 14:25:23,333 [WARN] DbFile:35 - Overriding database path with different value: C:\Users\Hussam Hamdy\.stmcufinder\plugins\mcufinder/ => C:\Users\Hussam Hamdy\.stmcufinder\plugins\mcufinder
2022-02-12 14:25:23,333 [INFO] DbMcusJson:64 - Set database path to: C:\Users\Hussam Hamdy\.stmcufinder\plugins\mcufinder//mcu/
2022-02-12 14:25:23,333 [WARN] DbFile:35 - Overriding database path with different value: C:\Users\Hussam Hamdy\.stmcufinder\plugins\mcufinder/ => C:\Users\Hussam Hamdy\.stmcufinder\plugins\mcufinder
2022-02-12 14:25:23,333 [INFO] DbBoardsDocs:110 - Set database path to: C:\Users\Hussam Hamdy\.stmcufinder\plugins\mcufinder//mcu/
2022-02-12 14:25:23,333 [WARN] DbFile:35 - Overriding database path with different value: C:\Users\Hussam Hamdy\.stmcufinder\plugins\mcufinder/ => C:\Users\Hussam Hamdy\.stmcufinder\plugins\mcufinder
2022-02-12 14:25:23,333 [INFO] DbBoardsJson:57 - Set database path to: C:\Users\Hussam Hamdy\.stmcufinder\plugins\mcufinder//mcu/
2022-02-12 14:25:23,333 [WARN] DbFile:35 - Overriding database path with different value: C:\Users\Hussam Hamdy\.stmcufinder\plugins\mcufinder/ => C:\Users\Hussam Hamdy\.stmcufinder\plugins\mcufinder
2022-02-12 14:25:23,333 [WARN] DbFile:35 - Overriding database path with different value: C:\Users\Hussam Hamdy\.stmcufinder\plugins\mcufinder/ => C:\Users\Hussam Hamdy\.stmcufinder\plugins\mcufinder
2022-02-12 14:25:23,333 [INFO] CrossReferenceDbSqlite:196 - Set database path to: C:\Users\Hussam Hamdy\.stmcufinder\plugins\mcufinder//mcu/cs/
2022-02-12 14:25:23,333 [WARN] DbFile:35 - Overriding database path with different value: C:\Users\Hussam Hamdy\.stmcufinder\plugins\mcufinder/ => C:\Users\Hussam Hamdy\.stmcufinder\plugins\mcufinder
2022-02-12 14:25:23,333 [INFO] DbExamplesSqlite:767 - Set database path to: C:\Users\Hussam Hamdy\.stmcufinder\plugins\mcufinder//mcu/
2022-02-12 14:25:23,414 [INFO] MainPanel:214 - HeapMemory: 268435456
2022-02-12 14:25:23,473 [INFO] DbMcusXml:74 - Set database path to: C:\ST\STM32CubeIDE_1.7.0\STM32CubeIDE\plugins\com.st.stm32cube.common.mx_6.3.0.202107141111\\db\/mcu/
2022-02-12 14:25:23,473 [INFO] DbBoardsPdsc:56 - Set plugin database path to: C:\ST\STM32CubeIDE_1.7.0\STM32CubeIDE\plugins\com.st.stm32cube.common.mx_6.3.0.202107141111\\db\/plugins/boardmanager/
2022-02-12 14:25:23,473 [INFO] DbMcus:258 - Set plugin images path to: C:\ST\STM32CubeIDE_1.7.0\STM32CubeIDE\plugins\com.st.stm32cube.common.mx_6.3.0.202107141111\\db\/plugins/mcufinder/images/
2022-02-12 14:25:23,473 [INFO] DbBoards:264 - Set plugin images path to: C:\ST\STM32CubeIDE_1.7.0\STM32CubeIDE\plugins\com.st.stm32cube.common.mx_6.3.0.202107141111\\db\/plugins/mcufinder/images/
2022-02-12 14:25:23,473 [INFO] DbExamples:333 - Set plugin images path to: C:\ST\STM32CubeIDE_1.7.0\STM32CubeIDE\plugins\com.st.stm32cube.common.mx_6.3.0.202107141111\\db\/plugins/mcufinder/images/
2022-02-12 14:25:23,473 [WARN] DbFile:35 - Overriding database path with different value: C:\Users\Hussam Hamdy\.stmcufinder\plugins\mcufinder/ => C:\Users\Hussam Hamdy\.stmcufinder\plugins\mcufinder
2022-02-12 14:25:23,474 [INFO] DbMcusAds:119 - Set database path to: C:\Users\Hussam Hamdy\.stmcufinder\plugins\mcufinder//mcu/
2022-02-12 14:25:23,474 [WARN] DbFile:35 - Overriding database path with different value: C:\Users\Hussam Hamdy\.stmcufinder\plugins\mcufinder/ => C:\Users\Hussam Hamdy\.stmcufinder\plugins\mcufinder
2022-02-12 14:25:23,474 [INFO] DbMcusDocs:110 - Set database path to: C:\Users\Hussam Hamdy\.stmcufinder\plugins\mcufinder//mcu/
2022-02-12 14:25:23,474 [WARN] DbFile:35 - Overriding database path with different value: C:\Users\Hussam Hamdy\.stmcufinder\plugins\mcufinder/ => C:\Users\Hussam Hamdy\.stmcufinder\plugins\mcufinder
2022-02-12 14:25:23,474 [INFO] DbMcusJson:64 - Set database path to: C:\Users\Hussam Hamdy\.stmcufinder\plugins\mcufinder//mcu/
2022-02-12 14:25:23,474 [WARN] DbFile:35 - Overriding database path with different value: C:\Users\Hussam Hamdy\.stmcufinder\plugins\mcufinder/ => C:\Users\Hussam Hamdy\.stmcufinder\plugins\mcufinder
2022-02-12 14:25:23,474 [INFO] DbBoardsDocs:110 - Set database path to: C:\Users\Hussam Hamdy\.stmcufinder\plugins\mcufinder//mcu/
2022-02-12 14:25:23,474 [WARN] DbFile:35 - Overriding database path with different value: C:\Users\Hussam Hamdy\.stmcufinder\plugins\mcufinder/ => C:\Users\Hussam Hamdy\.stmcufinder\plugins\mcufinder
2022-02-12 14:25:23,474 [INFO] DbBoardsJson:57 - Set database path to: C:\Users\Hussam Hamdy\.stmcufinder\plugins\mcufinder//mcu/
2022-02-12 14:25:23,474 [WARN] DbFile:35 - Overriding database path with different value: C:\Users\Hussam Hamdy\.stmcufinder\plugins\mcufinder/ => C:\Users\Hussam Hamdy\.stmcufinder\plugins\mcufinder
2022-02-12 14:25:23,474 [WARN] DbFile:35 - Overriding database path with different value: C:\Users\Hussam Hamdy\.stmcufinder\plugins\mcufinder/ => C:\Users\Hussam Hamdy\.stmcufinder\plugins\mcufinder
2022-02-12 14:25:23,474 [INFO] CrossReferenceDbSqlite:196 - Set database path to: C:\Users\Hussam Hamdy\.stmcufinder\plugins\mcufinder//mcu/cs/
2022-02-12 14:25:23,475 [WARN] DbFile:35 - Overriding database path with different value: C:\Users\Hussam Hamdy\.stmcufinder\plugins\mcufinder/ => C:\Users\Hussam Hamdy\.stmcufinder\plugins\mcufinder
2022-02-12 14:25:23,475 [INFO] DbExamplesSqlite:767 - Set database path to: C:\Users\Hussam Hamdy\.stmcufinder\plugins\mcufinder//mcu/
2022-02-12 14:25:23,489 [INFO] ApplicationProperties:181 - Using Application install path: C:\ST\STM32CubeIDE_1.7.0\STM32CubeIDE\plugins\com.st.stm32cube.common.mx_6.3.0.202107141111
2022-02-12 14:25:23,490 [INFO] PluginManage:188 - Search for loadable plugins [exclusion list=, ]
2022-02-12 14:25:23,491 [INFO] PluginManage:302 - Check plugin analytics
2022-02-12 14:25:23,611 [INFO] AnalyticsPlugin:257 - Accepted Software Licenses: 
2022-02-12 14:25:23,614 [INFO] AnalyticsPlugin:259 - Accepted CMSIS Pack Licenses: 
2022-02-12 14:25:23,614 [INFO] AnalyticsPlugin:261 - Accepted Firmware Licenses: 
2022-02-12 14:25:23,616 [INFO] PluginManage:352 - Loaded plugin analytics (category:tool,tabindex:-1)
2022-02-12 14:25:23,616 [INFO] PluginManage:302 - Check plugin clock
2022-02-12 14:25:23,632 [INFO] PluginManage:352 - Loaded plugin clock (category:base,tabindex:2)
2022-02-12 14:25:23,632 [INFO] PluginManage:302 - Check plugin ddr
2022-02-12 14:25:23,633 [INFO] PluginManage:352 - Loaded plugin ddr (category:tool,tabindex:6)
2022-02-12 14:25:23,633 [INFO] PluginManage:302 - Check plugin filemanager
2022-02-12 14:25:23,731 [INFO] PluginManage:352 - Loaded plugin filemanager (category:base,tabindex:10)
2022-02-12 14:25:23,731 [INFO] PluginManage:302 - Check plugin ipmanager
2022-02-12 14:25:23,742 [INFO] PluginManage:352 - Loaded plugin ipmanager (category:base,tabindex:5)
2022-02-12 14:25:23,742 [INFO] PluginManage:302 - Check plugin pinoutandconfiguration
2022-02-12 14:25:23,754 [INFO] PluginManage:352 - Loaded plugin pinoutandconfiguration (category:base,tabindex:1)
2022-02-12 14:25:23,754 [INFO] PluginManage:302 - Check plugin pinoutconfig
2022-02-12 14:25:23,790 [INFO] PluginManage:352 - Loaded plugin pinoutconfig (category:base,tabindex:0)
2022-02-12 14:25:23,790 [INFO] PluginManage:302 - Check plugin power
2022-02-12 14:25:23,806 [INFO] PluginManage:352 - Loaded plugin power (category:power,tabindex:4)
2022-02-12 14:25:23,806 [INFO] PluginManage:302 - Check plugin projectmanager
2022-02-12 14:25:23,822 [INFO] PluginManage:352 - Loaded plugin projectmanager (category:projectmanager,tabindex:3)
2022-02-12 14:25:23,822 [INFO] PluginManage:302 - Check plugin thirdparty
2022-02-12 14:25:24,063 [WARN] IntegrityCheckThread:78 - waiting for thirdparty lock release [integrity check]
2022-02-12 14:25:24,066 [INFO] IntegrityCheckThread:80 - entering critical section [integrity check]
2022-02-12 14:25:24,066 [INFO] PluginManage:352 - Loaded plugin thirdparty (category:base,tabindex:-1)
2022-02-12 14:25:24,066 [INFO] ThirdPartyUpdaterWithRetryManager:66 - Updater plugin not ready yet. [1/15]
2022-02-12 14:25:24,067 [INFO] PluginManage:302 - Check plugin tools
2022-02-12 14:25:24,162 [INFO] PluginManage:352 - Loaded plugin tools (category:base,tabindex:7)
2022-02-12 14:25:24,162 [INFO] PluginManage:302 - Check plugin tutovideos
2022-02-12 14:25:24,418 [INFO] PluginManage:352 - Loaded plugin tutovideos (category:base,tabindex:-1)
2022-02-12 14:25:24,418 [INFO] PluginManage:302 - Check plugin updater
2022-02-12 14:25:24,428 [INFO] PluginManage:352 - Loaded plugin updater (category:base,tabindex:12)
2022-02-12 14:25:24,428 [INFO] PluginManage:275 - PluginManage : Loaded plugins [13]
2022-02-12 14:25:24,570 [INFO] PinOutPanel:1463 - setPackage(No Configuration,No Configuration)
2022-02-12 14:25:24,653 [INFO] IPUIPlugin:74 - create IPUIPlugin
2022-02-12 14:25:24,654 [INFO] PluginManager:213 - loadIPPluginJar : add adc
2022-02-12 14:25:24,684 [INFO] IPUIPlugin:74 - create IPUIPlugin
2022-02-12 14:25:24,689 [INFO] PluginManager:213 - loadIPPluginJar : add aes
2022-02-12 14:25:24,728 [INFO] IPUIPlugin:74 - create IPUIPlugin
2022-02-12 14:25:24,728 [INFO] PluginManager:213 - loadIPPluginJar : add can
2022-02-12 14:25:24,751 [INFO] IPUIPlugin:74 - create IPUIPlugin
2022-02-12 14:25:24,751 [INFO] PluginManager:213 - loadIPPluginJar : add comp
2022-02-12 14:25:24,804 [INFO] IPUIPlugin:74 - create IPUIPlugin
2022-02-12 14:25:24,804 [INFO] PluginManager:213 - loadIPPluginJar : add cryp
2022-02-12 14:25:24,849 [INFO] IPUIPlugin:74 - create IPUIPlugin
2022-02-12 14:25:24,849 [INFO] PluginManager:213 - loadIPPluginJar : add dfsdm
2022-02-12 14:25:24,863 [INFO] IPUIPlugin:74 - create IPUIPlugin
2022-02-12 14:25:24,864 [INFO] PluginManager:213 - loadIPPluginJar : add dma
2022-02-12 14:25:24,932 [INFO] IPUIPlugin:74 - create IPUIPlugin
2022-02-12 14:25:24,932 [INFO] PluginManager:213 - loadIPPluginJar : add dma3
2022-02-12 14:25:24,979 [INFO] IPUIPlugin:74 - create IPUIPlugin
2022-02-12 14:25:24,979 [INFO] PluginManager:213 - loadIPPluginJar : add fatfs
2022-02-12 14:25:25,030 [INFO] IPUIPlugin:74 - create IPUIPlugin
2022-02-12 14:25:25,030 [INFO] PluginManager:213 - loadIPPluginJar : add fmc
2022-02-12 14:25:25,045 [INFO] IPUIPlugin:74 - create IPUIPlugin
2022-02-12 14:25:25,045 [INFO] PluginManager:213 - loadIPPluginJar : add freertos
2022-02-12 14:25:25,069 [INFO] IPUIPlugin:74 - create IPUIPlugin
2022-02-12 14:25:25,069 [INFO] PluginManager:213 - loadIPPluginJar : add genericplugin
2022-02-12 14:25:25,167 [INFO] IPUIPlugin:74 - create IPUIPlugin
2022-02-12 14:25:25,167 [INFO] PluginManager:213 - loadIPPluginJar : add gfxmmu
2022-02-12 14:25:25,325 [INFO] IPUIPlugin:74 - create IPUIPlugin
2022-02-12 14:25:25,332 [INFO] PluginManager:213 - loadIPPluginJar : add gic
2022-02-12 14:25:25,340 [INFO] IPUIPlugin:74 - create IPUIPlugin
2022-02-12 14:25:25,340 [INFO] PluginManager:213 - loadIPPluginJar : add gpio
2022-02-12 14:25:25,423 [INFO] IPUIPlugin:74 - create IPUIPlugin
2022-02-12 14:25:25,423 [INFO] PluginManager:213 - loadIPPluginJar : add gtzc
2022-02-12 14:25:25,470 [INFO] IPUIPlugin:74 - create IPUIPlugin
2022-02-12 14:25:25,470 [INFO] PluginManager:213 - loadIPPluginJar : add hash
2022-02-12 14:25:25,537 [INFO] IPUIPlugin:74 - create IPUIPlugin
2022-02-12 14:25:25,537 [INFO] PluginManager:213 - loadIPPluginJar : add i2c
2022-02-12 14:25:25,582 [INFO] IPUIPlugin:74 - create IPUIPlugin
2022-02-12 14:25:25,582 [INFO] PluginManager:213 - loadIPPluginJar : add i2s
2022-02-12 14:25:25,589 [INFO] IPUIPlugin:74 - create IPUIPlugin
2022-02-12 14:25:25,589 [INFO] PluginManager:213 - loadIPPluginJar : add ipddr
2022-02-12 14:25:25,673 [INFO] IPUIPlugin:74 - create IPUIPlugin
2022-02-12 14:25:25,673 [INFO] PluginManager:213 - loadIPPluginJar : add linkedlist
2022-02-12 14:25:25,741 [INFO] IPUIPlugin:74 - create IPUIPlugin
2022-02-12 14:25:25,741 [INFO] PluginManager:213 - loadIPPluginJar : add lorawan
2022-02-12 14:25:25,816 [INFO] IPUIPlugin:74 - create IPUIPlugin
2022-02-12 14:25:25,816 [INFO] PluginManager:213 - loadIPPluginJar : add ltdc
2022-02-12 14:25:25,824 [INFO] IPUIPlugin:74 - create IPUIPlugin
2022-02-12 14:25:25,824 [INFO] PluginManager:213 - loadIPPluginJar : add mdma
2022-02-12 14:25:25,839 [INFO] IPUIPlugin:74 - create IPUIPlugin
2022-02-12 14:25:25,839 [INFO] PluginManager:213 - loadIPPluginJar : add nvic
2022-02-12 14:25:25,876 [INFO] IPUIPlugin:74 - create IPUIPlugin
2022-02-12 14:25:25,876 [INFO] PluginManager:213 - loadIPPluginJar : add opamp
2022-02-12 14:25:25,937 [INFO] IPUIPlugin:74 - create IPUIPlugin
2022-02-12 14:25:25,937 [INFO] PluginManager:213 - loadIPPluginJar : add openamp
2022-02-12 14:25:26,013 [INFO] IPUIPlugin:74 - create IPUIPlugin
2022-02-12 14:25:26,013 [INFO] PluginManager:213 - loadIPPluginJar : add pdm2pcm
2022-02-12 14:25:26,028 [INFO] IPUIPlugin:74 - create IPUIPlugin
2022-02-12 14:25:26,034 [INFO] PluginManager:213 - loadIPPluginJar : add plateformsettings
2022-02-12 14:25:26,081 [INFO] IPUIPlugin:74 - create IPUIPlugin
2022-02-12 14:25:26,081 [INFO] PluginManager:213 - loadIPPluginJar : add quadspi
2022-02-12 14:25:26,096 [INFO] IPUIPlugin:74 - create IPUIPlugin
2022-02-12 14:25:26,096 [INFO] PluginManager:213 - loadIPPluginJar : add resmgrutility
2022-02-12 14:25:26,210 [INFO] IPUIPlugin:74 - create IPUIPlugin
2022-02-12 14:25:26,210 [INFO] PluginManager:213 - loadIPPluginJar : add sai
2022-02-12 14:25:26,307 [INFO] IPUIPlugin:74 - create IPUIPlugin
2022-02-12 14:25:26,307 [INFO] PluginManager:213 - loadIPPluginJar : add spi
2022-02-12 14:25:26,390 [INFO] IPUIPlugin:74 - create IPUIPlugin
2022-02-12 14:25:26,390 [INFO] PluginManager:213 - loadIPPluginJar : add stm32_wpan
2022-02-12 14:25:26,423 [INFO] IPUIPlugin:74 - create IPUIPlugin
2022-02-12 14:25:26,423 [INFO] PluginManager:213 - loadIPPluginJar : add tim
2022-02-12 14:25:26,496 [INFO] IPUIPlugin:74 - create IPUIPlugin
2022-02-12 14:25:26,496 [INFO] PluginManager:213 - loadIPPluginJar : add touchsensing
2022-02-12 14:25:26,526 [INFO] IPUIPlugin:74 - create IPUIPlugin
2022-02-12 14:25:26,526 [INFO] PluginManager:213 - loadIPPluginJar : add tracer_emb
2022-02-12 14:25:26,556 [INFO] IPUIPlugin:74 - create IPUIPlugin
2022-02-12 14:25:26,556 [INFO] PluginManager:213 - loadIPPluginJar : add ts
2022-02-12 14:25:26,602 [INFO] IPUIPlugin:74 - create IPUIPlugin
2022-02-12 14:25:26,602 [INFO] PluginManager:213 - loadIPPluginJar : add tsc
2022-02-12 14:25:26,632 [INFO] IPUIPlugin:74 - create IPUIPlugin
2022-02-12 14:25:26,632 [INFO] PluginManager:213 - loadIPPluginJar : add ucpd
2022-02-12 14:25:26,693 [INFO] IPUIPlugin:74 - create IPUIPlugin
2022-02-12 14:25:26,693 [INFO] PluginManager:213 - loadIPPluginJar : add usart
2022-02-12 14:25:26,730 [INFO] IPUIPlugin:74 - create IPUIPlugin
2022-02-12 14:25:26,730 [INFO] PluginManager:213 - loadIPPluginJar : add usbx
2022-02-12 14:25:27,071 [INFO] ThirdPartyUpdaterWithRetryManager:66 - Updater plugin not ready yet. [2/15]
2022-02-12 14:25:27,191 [FATAL] Updater:294 - Updater called before beeing initialized
2022-02-12 14:25:27,463 [FATAL] Updater:294 - Updater called before beeing initialized
2022-02-12 14:25:27,486 [INFO] DbMcusAds:47 - JSON generation date=Thu Sep 30 08:55:09 EET 2021 (1632984909261)
2022-02-12 14:25:27,486 [FATAL] Updater:294 - Updater called before beeing initialized
2022-02-12 14:25:27,636 [WARN] DetailPanel:314 - Failed to get advertising image, set to default
2022-02-12 14:25:27,724 [FATAL] Updater:294 - Updater called before beeing initialized
2022-02-12 14:25:27,726 [FATAL] Updater:294 - Updater called before beeing initialized
2022-02-12 14:25:27,726 [FATAL] Updater:294 - Updater called before beeing initialized
2022-02-12 14:25:27,726 [WARN] DetailPanel:314 - Failed to get advertising image, set to default
2022-02-12 14:25:27,727 [FATAL] Updater:294 - Updater called before beeing initialized
2022-02-12 14:25:27,780 [ERROR] Updater:1075 - MainUpdater not yet initialized. External WinMGr cannot be set.
2022-02-12 14:25:27,788 [INFO] Updater:1012 - Updater Version found : 6.3.0
2022-02-12 14:25:27,802 [INFO] ApplicationProperties:181 - Using Application install path: C:\ST\STM32CubeIDE_1.7.0\STM32CubeIDE\plugins\com.st.stm32cube.common.mx_6.3.0.202107141111
2022-02-12 14:25:29,193 [INFO] MainUpdater:2671 - connection check result : 10
2022-02-12 14:25:29,195 [INFO] MainUpdater:265 - Updater Check For Update Now.
2022-02-12 14:25:29,195 [INFO] MicroXplorer:478 - Change Database Version : DB.6.0.30
2022-02-12 14:25:29,444 [INFO] CheckServerUpdateThread:112 - End of CheckServer Thread
2022-02-12 14:25:29,473 [INFO] MainUpdater:2671 - connection check result : 10
2022-02-12 14:25:29,534 [INFO] McuFinderGlobals:52 - Set McuFinderConnectedMode to true
2022-02-12 14:25:30,082 [WARN] MainUpdater:1122 - Updater busy. Cannot search thirdparties
2022-02-12 14:25:30,083 [INFO] ThirdPartyUpdaterWithRetryManager:92 - Updater plugin is busy. [1/15]
2022-02-12 14:25:33,098 [WARN] MainUpdater:1122 - Updater busy. Cannot search thirdparties
2022-02-12 14:25:33,098 [INFO] ThirdPartyUpdaterWithRetryManager:92 - Updater plugin is busy. [2/15]
2022-02-12 14:25:36,099 [WARN] MainUpdater:1122 - Updater busy. Cannot search thirdparties
2022-02-12 14:25:36,100 [INFO] ThirdPartyUpdaterWithRetryManager:92 - Updater plugin is busy. [3/15]
2022-02-12 14:25:37,867 [ERROR] ServerAccessManage:1057 - Problem during Server Connexion :  IO error Remote host terminated the handshake
2022-02-12 14:25:37,867 [ERROR] LogOutputStream:74 - [STDERR_REDIRECT] javax.net.ssl.SSLHandshakeException: Remote host terminated the handshake
2022-02-12 14:25:37,884 [ERROR] LogOutputStream:74 - [STDERR_REDIRECT] 	at java.base/sun.security.ssl.SSLSocketImpl.handleEOF(SSLSocketImpl.java:1588)
2022-02-12 14:25:37,888 [ERROR] LogOutputStream:74 - [STDERR_REDIRECT] 	at java.base/sun.security.ssl.SSLSocketImpl.decode(SSLSocketImpl.java:1416)
2022-02-12 14:25:37,899 [ERROR] LogOutputStream:74 - [STDERR_REDIRECT] 	at java.base/sun.security.ssl.SSLSocketImpl.readHandshakeRecord(SSLSocketImpl.java:1314)
2022-02-12 14:25:37,904 [ERROR] LogOutputStream:74 - [STDERR_REDIRECT] 	at java.base/sun.security.ssl.SSLSocketImpl.startHandshake(SSLSocketImpl.java:440)
2022-02-12 14:25:37,913 [ERROR] LogOutputStream:74 - [STDERR_REDIRECT] 	at java.base/sun.security.ssl.SSLSocketImpl.startHandshake(SSLSocketImpl.java:411)
2022-02-12 14:25:37,918 [ERROR] LogOutputStream:74 - [STDERR_REDIRECT] 	at java.base/sun.net.www.protocol.https.HttpsClient.afterConnect(HttpsClient.java:567)
2022-02-12 14:25:37,925 [ERROR] LogOutputStream:74 - [STDERR_REDIRECT] 	at java.base/sun.net.www.protocol.https.AbstractDelegateHttpsURLConnection.connect(AbstractDelegateHttpsURLConnection.java:197)
2022-02-12 14:25:37,934 [ERROR] LogOutputStream:74 - [STDERR_REDIRECT] 	at java.base/sun.net.www.protocol.http.HttpURLConnection.getInputStream0(HttpURLConnection.java:1592)
2022-02-12 14:25:37,934 [ERROR] LogOutputStream:74 - [STDERR_REDIRECT] 	at java.base/sun.net.www.protocol.http.HttpURLConnection.getInputStream(HttpURLConnection.java:1520)
2022-02-12 14:25:37,952 [ERROR] LogOutputStream:74 - [STDERR_REDIRECT] 	at java.base/java.net.HttpURLConnection.getResponseCode(HttpURLConnection.java:527)
2022-02-12 14:25:37,952 [ERROR] LogOutputStream:74 - [STDERR_REDIRECT] 	at java.base/sun.net.www.protocol.https.HttpsURLConnectionImpl.getResponseCode(HttpsURLConnectionImpl.java:334)
2022-02-12 14:25:37,968 [ERROR] LogOutputStream:74 - [STDERR_REDIRECT] 	at com.st.microxplorer.plugins.updater.engine.ServerAccessManage.openHttpConnexion(ServerAccessManage.java:918)
2022-02-12 14:25:37,971 [ERROR] LogOutputStream:74 - [STDERR_REDIRECT] 	at com.st.microxplorer.plugins.updater.engine.ServerAccessManage.readHttpFile(ServerAccessManage.java:304)
2022-02-12 14:25:37,982 [ERROR] LogOutputStream:74 - [STDERR_REDIRECT] 	at com.st.microxplorer.plugins.updater.engine.LoadUrlFilesThread.loadAllFiles(LoadUrlFilesThread.java:500)
2022-02-12 14:25:37,983 [ERROR] LogOutputStream:74 - [STDERR_REDIRECT] 	at com.st.microxplorer.plugins.updater.engine.LoadUrlFilesThread.downloadUrlFiles(LoadUrlFilesThread.java:205)
2022-02-12 14:25:37,983 [ERROR] LogOutputStream:74 - [STDERR_REDIRECT] 	at com.st.microxplorer.plugins.updater.engine.LoadUrlFilesThread.run(LoadUrlFilesThread.java:137)
2022-02-12 14:25:37,983 [ERROR] LogOutputStream:74 - [STDERR_REDIRECT] Caused by: java.io.EOFException: SSL peer shut down incorrectly
2022-02-12 14:25:37,999 [ERROR] LogOutputStream:74 - [STDERR_REDIRECT] 	at java.base/sun.security.ssl.SSLSocketInputRecord.read(SSLSocketInputRecord.java:483)
2022-02-12 14:25:37,999 [ERROR] LogOutputStream:74 - [STDERR_REDIRECT] 	at java.base/sun.security.ssl.SSLSocketInputRecord.readHeader(SSLSocketInputRecord.java:472)
2022-02-12 14:25:37,999 [ERROR] LogOutputStream:74 - [STDERR_REDIRECT] 	at java.base/sun.security.ssl.SSLSocketInputRecord.decode(SSLSocketInputRecord.java:160)
2022-02-12 14:25:37,999 [ERROR] LogOutputStream:74 - [STDERR_REDIRECT] 	at java.base/sun.security.ssl.SSLTransport.decode(SSLTransport.java:110)
2022-02-12 14:25:37,999 [ERROR] LogOutputStream:74 - [STDERR_REDIRECT] 	at java.base/sun.security.ssl.SSLSocketImpl.decode(SSLSocketImpl.java:1408)
2022-02-12 14:25:37,999 [ERROR] LogOutputStream:74 - [STDERR_REDIRECT] 	... 14 more
2022-02-12 14:25:37,999 [ERROR] ServerAccessManage:531 - Problem during Server Connexion :  : mcusAds.json._tmp_.
2022-02-12 14:25:39,115 [WARN] MainUpdater:1122 - Updater busy. Cannot search thirdparties
2022-02-12 14:25:39,115 [INFO] ThirdPartyUpdaterWithRetryManager:92 - Updater plugin is busy. [4/15]
2022-02-12 14:25:41,110 [INFO] LoadUrlFilesThread:145 - End of LoadUrlFiles Thread
2022-02-12 14:25:42,301 [WARN] PackLoader:238 - Cannot read IP mode file for STMicroelectronics.X-CUBE-AI.7.1.0
2022-02-12 14:25:42,319 [WARN] PackLoader:238 - Cannot read IP mode file for STMicroelectronics.X-CUBE-BLE1.6.2.2
2022-02-12 14:25:42,334 [WARN] PackLoader:238 - Cannot read IP mode file for STMicroelectronics.X-CUBE-BLE2.3.2.2
2022-02-12 14:25:42,352 [WARN] PackLoader:238 - Cannot read IP mode file for STMicroelectronics.X-CUBE-NFC4.2.0.3
2022-02-12 14:25:42,370 [WARN] PackLoader:238 - Cannot read IP mode file for STMicroelectronics.X-CUBE-SFXS2LP1.3.1.0
2022-02-12 14:25:42,431 [WARN] PackLoader:238 - Cannot read IP mode file for STMicroelectronics.X-CUBE-AZRTOS-F4.1.0.0
2022-02-12 14:25:42,460 [WARN] PackLoader:238 - Cannot read IP mode file for STMicroelectronics.X-CUBE-TOF1.2.0.0
2022-02-12 14:25:42,505 [WARN] PackLoader:238 - Cannot read IP mode file for STMicroelectronics.X-CUBE-SUBG2.4.2.0
2022-02-12 14:25:42,537 [WARN] PackLoader:238 - Cannot read IP mode file for STMicroelectronics.X-CUBE-ALGOBUILD.1.2.1
2022-02-12 14:25:42,603 [WARN] PackLoader:238 - Cannot read IP mode file for STMicroelectronics.X-CUBE-AZRTOS-G0.1.0.0
2022-02-12 14:25:42,630 [WARN] PackLoader:238 - Cannot read IP mode file for STMicroelectronics.X-CUBE-TOUCHGFX.4.18.1
2022-02-12 14:25:42,644 [WARN] PackLoader:238 - Cannot read IP mode file for STMicroelectronics.X-CUBE-TOUCHGFX.4.18.0
2022-02-12 14:25:42,660 [WARN] PackLoader:238 - Cannot read IP mode file for wolfSSL.I-CUBE-wolfSSL.5.0.0
2022-02-12 14:25:42,687 [WARN] PackLoader:238 - Cannot read IP mode file for RoweBots.I-CUBE-UNISONRTOS.5.5.0-4
2022-02-12 14:25:42,710 [WARN] PackLoader:238 - Cannot read IP mode file for STMicroelectronics.X-CUBE-ALGOBUILD.1.3.0
2022-02-12 14:25:42,802 [WARN] PackLoader:238 - Cannot read IP mode file for SEGGER.I-CUBE-embOS.1.2.0
2022-02-12 14:25:42,950 [WARN] PackLoader:238 - Cannot read IP mode file for STMicroelectronics.X-CUBE-AZRTOS-H7.2.0.0
2022-02-12 14:25:42,998 [WARN] PackLoader:238 - Cannot read IP mode file for STMicroelectronics.X-CUBE-AZRTOS-G4.1.0.0
2022-02-12 14:25:43,027 [WARN] PackLoader:238 - Cannot read IP mode file for STMicroelectronics.X-CUBE-AZRTOS-L4.1.0.0
2022-02-12 14:25:43,057 [WARN] PackLoader:238 - Cannot read IP mode file for STMicroelectronics.X-CUBE-AZRTOS-F7.1.0.0
2022-02-12 14:25:43,155 [WARN] PackLoader:238 - Cannot read IP mode file for STMicroelectronics.X-CUBE-MEMS1.9.1.0
2022-02-12 14:25:43,268 [INFO] DbMcusAds:47 - JSON generation date=Thu Sep 30 08:55:09 EET 2021 (1632984909261)
2022-02-12 14:25:43,305 [INFO] DbMcusDocs:143 - JSON generation date=Tue Nov 16 18:17:54 EET 2021 (1637079474)
2022-02-12 14:25:43,320 [INFO] DbMcusXml:100 - Load MCU database from C:\ST\STM32CubeIDE_1.7.0\STM32CubeIDE\plugins\com.st.stm32cube.common.mx_6.3.0.202107141111\\db\/mcu/families.xml
2022-02-12 14:25:43,475 [WARN] PackLoader:238 - Cannot read IP mode file for STMicroelectronics.X-CUBE-ALS.1.0.1
2022-02-12 14:25:43,486 [WARN] PackLoader:238 - Cannot read IP mode file for STMicroelectronics.X-CUBE-AI.7.0.0
2022-02-12 14:25:43,532 [WARN] PackLoader:238 - Cannot read IP mode file for STMicroelectronics.X-CUBE-AZRTOS-L5.1.0.0
2022-02-12 14:25:43,547 [WARN] PackLoader:238 - Cannot read IP mode file for STMicroelectronics.X-CUBE-EEPRMA1.3.1.0
2022-02-12 14:25:43,567 [WARN] PackLoader:238 - Cannot read IP mode file for STMicroelectronics.X-CUBE-GNSS1.5.2.0
2022-02-12 14:25:43,582 [WARN] PackLoader:238 - Cannot read IP mode file for STMicroelectronics.X-CUBE-DISPLAY.2.0.0
2022-02-12 14:25:43,597 [WARN] PackLoader:238 - Cannot read IP mode file for STMicroelectronics.X-CUBE-DISPLAY.2.0.1
2022-02-12 14:25:43,646 [WARN] PackLoader:238 - Cannot read IP mode file for STMicroelectronics.X-CUBE-TOF1.3.0.0
2022-02-12 14:25:43,647 [INFO] ThirdParty:915 - Integrity check success = true
2022-02-12 14:25:43,647 [INFO] IntegrityCheckThread:94 - exiting critical section [integrity check]
2022-02-12 14:25:43,650 [INFO] IntegrityCheckThread:97 - End integrity checks thread
2022-02-12 14:25:44,448 [INFO] DbMcusJson:93 - JSON generation date=Tue Nov 16 18:17:54 EET 2021 (1637079474)
2022-02-12 14:25:45,313 [INFO] DbMcus:175 - Found 1951 MCUs (1903 are supported by CubeMX, 1914 are visible in CubeMX)
2022-02-12 14:25:45,317 [INFO] ApiDb:251 - Load user favorites file C:\Users\Hussam Hamdy/.stm32cubeide/favorites.mcus.txt: 1 item(s)
2022-02-12 14:25:45,317 [INFO] ApiDb:255 - User favorites MCUs=[STM32F103C8Tx]
2022-02-12 14:25:45,317 [INFO] DbMcus:187 - Set 1 / 1 favorites MCUs
2022-02-12 14:25:45,905 [INFO] DbMcusDocs:79 - Found 682 MCUs documents
2022-02-12 14:25:45,905 [INFO] ApiDb:276 - Save user favorites file C:\Users\Hussam Hamdy/.stm32cubeide/favorites.mcus.txt: 1 item(s)
2022-02-12 14:25:45,910 [INFO] ApiDb:280 - User favorites MCUs=[STM32F103C8Tx]
2022-02-12 14:25:45,910 [INFO] DbMcusXml:100 - Load MCU database from C:\ST\STM32CubeIDE_1.7.0\STM32CubeIDE\plugins\com.st.stm32cube.common.mx_6.3.0.202107141111\\db\/mcu/families.xml
2022-02-12 14:25:46,669 [INFO] DbMcusJson:93 - JSON generation date=Tue Nov 16 18:17:54 EET 2021 (1637079474)
2022-02-12 14:25:47,347 [INFO] DbMcus:175 - Found 1951 MCUs (1903 are supported by CubeMX, 1914 are visible in CubeMX)
2022-02-12 14:25:47,347 [INFO] ApiDb:251 - Load user favorites file C:\Users\Hussam Hamdy/.stm32cubeide/favorites.mcus.txt: 1 item(s)
2022-02-12 14:25:47,347 [INFO] ApiDb:255 - User favorites MCUs=[STM32F103C8Tx]
2022-02-12 14:25:47,347 [INFO] DbMcus:187 - Set 1 / 1 favorites MCUs
2022-02-12 14:25:47,357 [INFO] DbBoardsDocs:143 - JSON generation date=Tue Nov 16 18:17:54 EET 2021 (1637079474)
2022-02-12 14:25:47,375 [INFO] DbBoardsPdsc:90 - Found 25 items
2022-02-12 14:25:47,386 [INFO] DbBoardsPdsc:90 - Found 9 items
2022-02-12 14:25:47,408 [INFO] DbBoardsPdsc:90 - Found 33 items
2022-02-12 14:25:47,422 [INFO] DbBoardsPdsc:90 - Found 1 items
2022-02-12 14:25:47,449 [INFO] DbBoardsPdsc:90 - Found 48 items
2022-02-12 14:25:47,482 [INFO] DbBoardsPdsc:90 - Found 43 items
2022-02-12 14:25:47,491 [INFO] DbBoardsPdsc:90 - Found 2 items
2022-02-12 14:25:47,506 [INFO] DbBoardsPdsc:90 - Found 5 items
2022-02-12 14:25:47,519 [WARN] DbBoardsPdsc:254 - Board STM32H7B3I-DK: unknown feature type=Audio, name=, username=Audio stereo codec with Headphone Amp (CS42L51-CNZ), n=1
2022-02-12 14:25:47,520 [WARN] DbBoardsPdsc:254 - Board STM32H735G-DK: unknown feature type=Audio, name=, username=Audio stereo codec with Headphone Amp (WM8994ECS/R), n=1
2022-02-12 14:25:47,522 [WARN] DbBoardsPdsc:254 - Board STM32H7B3I-EVAL: unknown feature type=Audio, name=, username=Multi-Channel Audio Codec (CS42L51-CNZ), n=1
2022-02-12 14:25:47,522 [WARN] DbBoardsPdsc:254 - Board STM32H7B3I-EVAL: unknown feature type=Meter, name=, username=Power-metering and Temperature-monitoring with sigma-delta modulators, n=1
2022-02-12 14:25:47,522 [WARN] DbBoardsPdsc:254 - Board STM32H7B3I-EVAL: unknown feature type=Motor, name=, username=Motor Control, n=1
2022-02-12 14:25:47,522 [WARN] DbBoardsPdsc:254 - Board STM32U575I-EV: unknown feature type=joystick, name=, username=4-direction joystick with selection button, n=1
2022-02-12 14:25:47,591 [INFO] DbBoardsJson:86 - JSON generation date=Tue Nov 16 18:17:54 EET 2021 (1637079474)
2022-02-12 14:25:47,604 [INFO] DbBoards:117 - Found 167 boards (163 are supported by CubeMX)
2022-02-12 14:25:47,605 [INFO] DbBoardsDocs:143 - JSON generation date=Tue Nov 16 18:17:54 EET 2021 (1637079474)
2022-02-12 14:25:47,616 [INFO] DbBoardsDocs:79 - Found 209 boards documents
2022-02-12 14:25:47,616 [WARN] DbBoards:127 - board B-L475E-IOT01A2 has no document id list !
2022-02-12 14:25:47,619 [WARN] DbBoards:127 - board NUCLEO-H743ZI has no document id list !
2022-02-12 14:25:47,620 [WARN] DbBoards:127 - board NUCLEO-WL55JC2 has no document id list !
2022-02-12 14:25:47,620 [WARN] DbBoards:127 - board P-NUCLEO-WB55-Nucleo has no document id list !
2022-02-12 14:25:47,620 [WARN] DbBoards:127 - board P-NUCLEO-WB55-USBDongle has no document id list !
2022-02-12 14:25:47,620 [WARN] DbBoards:127 - board STEVAL-BFA001V1B has no document id list !
2022-02-12 14:25:47,620 [WARN] DbBoards:127 - board STEVAL-BFA001V2B has no document id list !
2022-02-12 14:25:47,620 [WARN] DbBoards:127 - board STEVAL-IDP005V1 has no document id list !
2022-02-12 14:25:47,620 [WARN] DbBoards:127 - board STEVAL-IDP005V2 has no document id list !
2022-02-12 14:25:47,620 [WARN] DbBoards:127 - board STEVAL-MKSBOX1V1 has no document id list !
2022-02-12 14:25:47,620 [WARN] DbBoards:127 - board STEVAL-STWINKT1 has no document id list !
2022-02-12 14:25:47,620 [WARN] DbBoards:127 - board STEVAL-STWINKT1B has no document id list !
2022-02-12 14:25:47,620 [WARN] DbBoards:127 - board STM32439I-EVAL2 has no document id list !
2022-02-12 14:25:47,620 [WARN] DbBoards:127 - board STM32F401C-DISCO has no document id list !
2022-02-12 14:25:47,620 [WARN] DbBoards:127 - board STM32F769I-DISC1 has no document id list !
2022-02-12 14:25:47,620 [WARN] DbBoards:127 - board STM32G474E-EVAL1 has no document id list !
2022-02-12 14:25:47,620 [WARN] DbBoards:127 - board STM32H743I-EVAL2 has no document id list !
2022-02-12 14:25:47,620 [WARN] DbBoards:127 - board STM32H747I-DISC1 has no document id list !
2022-02-12 14:25:47,620 [WARN] DbBoards:127 - board STM32H753I-EVAL2 has no document id list !
2022-02-12 14:25:47,620 [WARN] DbBoards:127 - board STM32L-DISCOVERY has no document id list !
2022-02-12 14:25:47,772 [ERROR] DbBoards:189 - Image file not found for board B-U585I-IOT02A: C:\ST\STM32CubeIDE_1.7.0\STM32CubeIDE\plugins\com.st.stm32cube.common.mx_6.3.0.202107141111\\db\/plugins/mcufinder/images/boards/B-U585I-IOT02A_small.jpg
2022-02-12 14:25:47,945 [ERROR] DbBoards:189 - Image file not found for board NUCLEO-F413ZH: C:\ST\STM32CubeIDE_1.7.0\STM32CubeIDE\plugins\com.st.stm32cube.common.mx_6.3.0.202107141111\\db\/plugins/mcufinder/images/boards/nucleo-f413zh_small.jpg
2022-02-12 14:25:48,211 [ERROR] DbBoards:189 - Image file not found for board NUCLEO-L552ZE-Q: C:\ST\STM32CubeIDE_1.7.0\STM32CubeIDE\plugins\com.st.stm32cube.common.mx_6.3.0.202107141111\\db\/plugins/mcufinder/images/boards/nucleo_l552ze_q_small.jpg
2022-02-12 14:25:48,212 [ERROR] DbBoards:189 - Image file not found for board NUCLEO-U575ZI-Q: C:\ST\STM32CubeIDE_1.7.0\STM32CubeIDE\plugins\com.st.stm32cube.common.mx_6.3.0.202107141111\\db\/plugins/mcufinder/images/boards/nucleo-u575zi-q_small.jpg
2022-02-12 14:25:48,212 [ERROR] DbBoards:189 - Image file not found for board NUCLEO-WB15CC: C:\ST\STM32CubeIDE_1.7.0\STM32CubeIDE\plugins\com.st.stm32cube.common.mx_6.3.0.202107141111\\db\/plugins/mcufinder/images/boards/nucleo-wb15cc_small.jpg
2022-02-12 14:25:48,212 [ERROR] DbBoards:189 - Image file not found for board NUCLEO-WB55RG: C:\ST\STM32CubeIDE_1.7.0\STM32CubeIDE\plugins\com.st.stm32cube.common.mx_6.3.0.202107141111\\db\/plugins/mcufinder/images/boards/nucleo-wb55rg_small.jpg
2022-02-12 14:25:49,743 [INFO] ApiDb:251 - Load user favorites file C:\Users\Hussam Hamdy/.stm32cubeide/favorites.boards.txt: 0 item(s)
2022-02-12 14:25:49,743 [INFO] ApiDb:255 - User favorites Boards=[]
2022-02-12 14:25:49,749 [INFO] DbBoards:206 - Set 0 / 0 favorites Boards
2022-02-12 14:25:49,751 [INFO] DbBoardsDocs:79 - Found 418 boards documents
2022-02-12 14:25:49,751 [INFO] ApiDb:276 - Save user favorites file C:\Users\Hussam Hamdy/.stm32cubeide/favorites.boards.txt: 0 item(s)
2022-02-12 14:25:49,751 [INFO] ApiDb:280 - User favorites Boards=[]
2022-02-12 14:25:49,751 [INFO] DbBoardsPdsc:90 - Found 25 items
2022-02-12 14:25:49,757 [INFO] DbBoardsPdsc:90 - Found 9 items
2022-02-12 14:25:49,758 [INFO] DbBoardsPdsc:90 - Found 33 items
2022-02-12 14:25:49,758 [INFO] DbBoardsPdsc:90 - Found 1 items
2022-02-12 14:25:49,765 [INFO] DbBoardsPdsc:90 - Found 48 items
2022-02-12 14:25:49,767 [INFO] DbBoardsPdsc:90 - Found 43 items
2022-02-12 14:25:49,767 [INFO] DbBoardsPdsc:90 - Found 2 items
2022-02-12 14:25:49,773 [INFO] DbBoardsPdsc:90 - Found 5 items
2022-02-12 14:25:49,773 [WARN] DbBoardsPdsc:254 - Board STM32H7B3I-DK: unknown feature type=Audio, name=, username=Audio stereo codec with Headphone Amp (CS42L51-CNZ), n=1
2022-02-12 14:25:49,773 [WARN] DbBoardsPdsc:254 - Board STM32H735G-DK: unknown feature type=Audio, name=, username=Audio stereo codec with Headphone Amp (WM8994ECS/R), n=1
2022-02-12 14:25:49,773 [WARN] DbBoardsPdsc:254 - Board STM32H7B3I-EVAL: unknown feature type=Audio, name=, username=Multi-Channel Audio Codec (CS42L51-CNZ), n=1
2022-02-12 14:25:49,773 [WARN] DbBoardsPdsc:254 - Board STM32H7B3I-EVAL: unknown feature type=Meter, name=, username=Power-metering and Temperature-monitoring with sigma-delta modulators, n=1
2022-02-12 14:25:49,773 [WARN] DbBoardsPdsc:254 - Board STM32H7B3I-EVAL: unknown feature type=Motor, name=, username=Motor Control, n=1
2022-02-12 14:25:49,773 [WARN] DbBoardsPdsc:254 - Board STM32U575I-EV: unknown feature type=joystick, name=, username=4-direction joystick with selection button, n=1
2022-02-12 14:25:49,788 [INFO] DbBoardsJson:86 - JSON generation date=Tue Nov 16 18:17:54 EET 2021 (1637079474)
2022-02-12 14:25:49,795 [INFO] DbBoards:117 - Found 167 boards (163 are supported by CubeMX)
2022-02-12 14:25:49,795 [WARN] DbBoards:127 - board B-L475E-IOT01A2 has no document id list !
2022-02-12 14:25:49,795 [WARN] DbBoards:127 - board NUCLEO-H743ZI has no document id list !
2022-02-12 14:25:49,795 [WARN] DbBoards:127 - board NUCLEO-WL55JC2 has no document id list !
2022-02-12 14:25:49,795 [WARN] DbBoards:127 - board P-NUCLEO-WB55-Nucleo has no document id list !
2022-02-12 14:25:49,795 [WARN] DbBoards:127 - board P-NUCLEO-WB55-USBDongle has no document id list !
2022-02-12 14:25:49,795 [WARN] DbBoards:127 - board STEVAL-BFA001V1B has no document id list !
2022-02-12 14:25:49,795 [WARN] DbBoards:127 - board STEVAL-BFA001V2B has no document id list !
2022-02-12 14:25:49,795 [WARN] DbBoards:127 - board STEVAL-IDP005V1 has no document id list !
2022-02-12 14:25:49,795 [WARN] DbBoards:127 - board STEVAL-IDP005V2 has no document id list !
2022-02-12 14:25:49,795 [WARN] DbBoards:127 - board STEVAL-MKSBOX1V1 has no document id list !
2022-02-12 14:25:49,795 [WARN] DbBoards:127 - board STEVAL-STWINKT1 has no document id list !
2022-02-12 14:25:49,795 [WARN] DbBoards:127 - board STEVAL-STWINKT1B has no document id list !
2022-02-12 14:25:49,795 [WARN] DbBoards:127 - board STM32439I-EVAL2 has no document id list !
2022-02-12 14:25:49,795 [WARN] DbBoards:127 - board STM32F401C-DISCO has no document id list !
2022-02-12 14:25:49,795 [WARN] DbBoards:127 - board STM32F769I-DISC1 has no document id list !
2022-02-12 14:25:49,795 [WARN] DbBoards:127 - board STM32G474E-EVAL1 has no document id list !
2022-02-12 14:25:49,795 [WARN] DbBoards:127 - board STM32H743I-EVAL2 has no document id list !
2022-02-12 14:25:49,795 [WARN] DbBoards:127 - board STM32H747I-DISC1 has no document id list !
2022-02-12 14:25:49,795 [WARN] DbBoards:127 - board STM32H753I-EVAL2 has no document id list !
2022-02-12 14:25:49,795 [WARN] DbBoards:127 - board STM32L-DISCOVERY has no document id list !
2022-02-12 14:25:49,879 [ERROR] DbBoards:189 - Image file not found for board B-U585I-IOT02A: C:\ST\STM32CubeIDE_1.7.0\STM32CubeIDE\plugins\com.st.stm32cube.common.mx_6.3.0.202107141111\\db\/plugins/mcufinder/images/boards/B-U585I-IOT02A_small.jpg
2022-02-12 14:25:50,023 [ERROR] DbBoards:189 - Image file not found for board NUCLEO-F413ZH: C:\ST\STM32CubeIDE_1.7.0\STM32CubeIDE\plugins\com.st.stm32cube.common.mx_6.3.0.202107141111\\db\/plugins/mcufinder/images/boards/nucleo-f413zh_small.jpg
2022-02-12 14:25:50,256 [ERROR] DbBoards:189 - Image file not found for board NUCLEO-L552ZE-Q: C:\ST\STM32CubeIDE_1.7.0\STM32CubeIDE\plugins\com.st.stm32cube.common.mx_6.3.0.202107141111\\db\/plugins/mcufinder/images/boards/nucleo_l552ze_q_small.jpg
2022-02-12 14:25:50,256 [ERROR] DbBoards:189 - Image file not found for board NUCLEO-U575ZI-Q: C:\ST\STM32CubeIDE_1.7.0\STM32CubeIDE\plugins\com.st.stm32cube.common.mx_6.3.0.202107141111\\db\/plugins/mcufinder/images/boards/nucleo-u575zi-q_small.jpg
2022-02-12 14:25:50,256 [ERROR] DbBoards:189 - Image file not found for board NUCLEO-WB15CC: C:\ST\STM32CubeIDE_1.7.0\STM32CubeIDE\plugins\com.st.stm32cube.common.mx_6.3.0.202107141111\\db\/plugins/mcufinder/images/boards/nucleo-wb15cc_small.jpg
2022-02-12 14:25:50,256 [ERROR] DbBoards:189 - Image file not found for board NUCLEO-WB55RG: C:\ST\STM32CubeIDE_1.7.0\STM32CubeIDE\plugins\com.st.stm32cube.common.mx_6.3.0.202107141111\\db\/plugins/mcufinder/images/boards/nucleo-wb55rg_small.jpg
2022-02-12 14:25:51,427 [INFO] ApiDb:251 - Load user favorites file C:\Users\Hussam Hamdy/.stm32cubeide/favorites.boards.txt: 0 item(s)
2022-02-12 14:25:51,427 [INFO] ApiDb:255 - User favorites Boards=[]
2022-02-12 14:25:51,427 [INFO] DbBoards:206 - Set 0 / 0 favorites Boards
2022-02-12 14:25:51,439 [ERROR] TargetSelectorAdapter:232 - Unable to refresh data
2022-02-12 14:25:51,773 [INFO] McuFinderGlobals:52 - Set McuFinderConnectedMode to false
2022-02-12 14:25:51,870 [INFO] CrossSelectorPresenter:1330 - Cross Selector saved comparison directory: C:\Users\Hussam Hamdy\.stmcufinder\plugins\mcufinder\mcu\cs_comparisons_mx
2022-02-12 14:25:51,875 [INFO] MultiScanPanel:197 - Auto-refresh data requested => check proxy status ongoing
2022-02-12 14:25:51,875 [INFO] MultiScanPanel:201 - Proxy status is invalid
2022-02-12 14:25:51,878 [INFO] FinderPluginLoader:87 - Searching for filters in installed packs
2022-02-12 14:25:52,417 [INFO] DetailPanel:309 - Set advertising image to C:/Users/Hussam Hamdy/STM32Cube/Repository/\en.Prom_NBSTM32U50921.jpg
2022-02-12 14:26:25,633 [INFO] MainUpdater:2671 - connection check result : 10
2022-02-12 14:26:25,634 [INFO] MainUpdater:2671 - connection check result : 10
2022-02-12 14:26:25,684 [INFO] MicroXplorer:448 - Change Database Path : 
2022-02-12 14:26:25,684 [INFO] MicroXplorer:478 - Change Database Version : DB.6.0.30
2022-02-12 14:26:25,688 [WARN] ThirdParty:813 - waiting for thirdparty lock release [close project]
2022-02-12 14:26:25,688 [INFO] ThirdParty:815 - entering critical section [close project]
2022-02-12 14:26:25,689 [INFO] ThirdParty:825 - exiting critical section [close project]
2022-02-12 14:26:25,693 [INFO] PinOutPanel:1463 - setPackage(No Configuration,No Configuration)
2022-02-12 14:26:25,694 [INFO] UtilMem:74 - Begin LoadConfig() Used Memory: 541333640 Bytes (667942912)
2022-02-12 14:26:25,696 [INFO] MicroXplorer:448 - Change Database Path : 
2022-02-12 14:26:25,697 [INFO] MicroXplorer:478 - Change Database Version : DB.6.0.30
2022-02-12 14:26:25,697 [INFO] OpenFileManager:313 - Change cursor
2022-02-12 14:26:26,761 [INFO] Context:592 - Trying to add GPIOservice into a context  which must be forbidden
2022-02-12 14:26:27,030 [INFO] ImportTextPane:167 - (OptionalMessage_ERROR) Unable to find key (Mcu.ThirdPartyNb) in loaded IOC file
2022-02-12 14:26:27,030 [INFO] ImportTextPane:167 - (OptionalMessage_ERROR) Unable to find key (Mcu.PinsNb) in loaded IOC file
2022-02-12 14:26:27,030 [INFO] ImportTextPane:167 - (OptionalMessage_ERROR) Unable to find key (Mcu.IPNb) in loaded IOC file
2022-02-12 14:26:27,074 [WARN] ApiManager:304 - Cannot register API 'Board Extension:S2868A1' from pack STMicroelectronics.X-CUBE-SFXS2LP1.3.1.0: no header file found
2022-02-12 14:26:27,074 [WARN] ApiManager:304 - Cannot register API 'Board Extension:S2868A2' from pack STMicroelectronics.X-CUBE-SFXS2LP1.3.1.0: no header file found
2022-02-12 14:26:27,074 [WARN] ApiManager:304 - Cannot register API 'Board Extension:S2915A1' from pack STMicroelectronics.X-CUBE-SFXS2LP1.3.1.0: no header file found
2022-02-12 14:26:27,084 [WARN] ModelIntegratedComponent:60 - No mode defined for component null
2022-02-12 14:26:27,084 [WARN] ModelIntegratedComponent:60 - No mode defined for component null
2022-02-12 14:26:27,084 [WARN] ModelIntegratedComponent:60 - No mode defined for component null
2022-02-12 14:26:27,084 [WARN] ModelIntegratedComponent:60 - No mode defined for component null
2022-02-12 14:26:27,084 [WARN] ModelIntegratedComponent:60 - No mode defined for component null
2022-02-12 14:26:27,084 [WARN] ModelIntegratedComponent:60 - No mode defined for component null
2022-02-12 14:26:27,084 [WARN] ModelIntegratedComponent:60 - No mode defined for component null
2022-02-12 14:26:27,084 [WARN] ModelIntegratedComponent:60 - No mode defined for component null
2022-02-12 14:26:27,084 [WARN] ModelIntegratedComponent:60 - No mode defined for component null
2022-02-12 14:26:27,084 [WARN] ModelIntegratedComponent:60 - No mode defined for component null
2022-02-12 14:26:27,084 [WARN] ModelIntegratedComponent:60 - No mode defined for component null
2022-02-12 14:26:27,084 [WARN] ModelIntegratedComponent:60 - No mode defined for component null
2022-02-12 14:26:27,084 [WARN] ModelIntegratedComponent:60 - No mode defined for component null
2022-02-12 14:26:27,084 [WARN] ModelIntegratedComponent:60 - No mode defined for component null
2022-02-12 14:26:27,084 [WARN] ModelIntegratedComponent:60 - No mode defined for component null
2022-02-12 14:26:27,084 [WARN] ModelIntegratedComponent:60 - No mode defined for component null
2022-02-12 14:26:27,084 [WARN] ModelIntegratedComponent:60 - No mode defined for component null
2022-02-12 14:26:27,084 [WARN] ModelIntegratedComponent:60 - No mode defined for component null
2022-02-12 14:26:27,084 [WARN] ModelIntegratedComponent:60 - No mode defined for component null
2022-02-12 14:26:27,084 [WARN] ModelIntegratedComponent:60 - No mode defined for component null
2022-02-12 14:26:27,084 [WARN] ModelIntegratedComponent:60 - No mode defined for component null
2022-02-12 14:26:27,084 [WARN] ModelIntegratedComponent:60 - No mode defined for component null
2022-02-12 14:26:27,084 [WARN] ModelIntegratedComponent:60 - No mode defined for component null
2022-02-12 14:26:27,084 [WARN] ModelIntegratedComponent:60 - No mode defined for component null
2022-02-12 14:26:27,084 [WARN] ModelIntegratedComponent:60 - No mode defined for component null
2022-02-12 14:26:27,084 [WARN] ModelIntegratedComponent:60 - No mode defined for component null
2022-02-12 14:26:27,084 [WARN] ModelIntegratedComponent:60 - No mode defined for component null
2022-02-12 14:26:27,084 [WARN] ModelIntegratedComponent:60 - No mode defined for component null
2022-02-12 14:26:27,084 [WARN] ModelIntegratedComponent:60 - No mode defined for component null
2022-02-12 14:26:27,084 [WARN] ModelIntegratedComponent:60 - No mode defined for component null
2022-02-12 14:26:27,084 [WARN] ModelIntegratedComponent:60 - No mode defined for component null
2022-02-12 14:26:27,099 [WARN] ApiManager:304 - Cannot register API 'Board Extension:S2868A1' from pack STMicroelectronics.X-CUBE-SUBG2.4.2.0: no header file found
2022-02-12 14:26:27,099 [WARN] ApiManager:304 - Cannot register API 'Board Extension:S2868A2' from pack STMicroelectronics.X-CUBE-SUBG2.4.2.0: no header file found
2022-02-12 14:26:27,100 [WARN] ApiManager:304 - Cannot register API 'Board Extension:S2915A1' from pack STMicroelectronics.X-CUBE-SUBG2.4.2.0: no header file found
2022-02-12 14:26:27,279 [WARN] ApiManager:304 - Cannot register API 'Board Extension:IKS01A3' from pack STMicroelectronics.X-CUBE-MEMS1.9.1.0: no header file found
2022-02-12 14:26:27,279 [WARN] ApiManager:304 - Cannot register API 'Board Extension:IKS01A2' from pack STMicroelectronics.X-CUBE-MEMS1.9.1.0: no header file found
2022-02-12 14:26:27,279 [WARN] ApiManager:304 - Cannot register API 'Board Extension:IKS02A1' from pack STMicroelectronics.X-CUBE-MEMS1.9.1.0: no header file found
2022-02-12 14:26:27,294 [INFO] RtosManager:484 - Registered RTOS mode: class=CMSIS, group=RTOS, mode=CMSIS_V1, owner=FREERTOS
2022-02-12 14:26:27,294 [INFO] RtosManager:484 - Registered RTOS mode: class=CMSIS, group=RTOS2, mode=CMSIS_V2, owner=FREERTOS
2022-02-12 14:26:27,295 [INFO] RtosManager:484 - Registered RTOS mode: class=RTOS, group=Core, mode=CMSIS_V1, owner=FREERTOS
2022-02-12 14:26:27,295 [INFO] RtosManager:484 - Registered RTOS mode: class=RTOS, group=Core, mode=CMSIS_V2, owner=FREERTOS
2022-02-12 14:26:27,295 [WARN] ModelIntegratedComponent:181 - Missing modes for component STMicroelectronics:FreeRTOS:0.0.1:STMicroelectronics:RTOS:FreeRTOS:Core:::10.2.0:
2022-02-12 14:26:27,297 [WARN] ApiManager:304 - Cannot register API 'Board Extension:EEPRMA1' from pack STMicroelectronics.X-CUBE-EEPRMA1.3.1.0: no header file found
2022-02-12 14:26:27,297 [WARN] ApiManager:304 - Cannot register API 'Board Extension:EEPRMA2' from pack STMicroelectronics.X-CUBE-EEPRMA1.3.1.0: no header file found
2022-02-12 14:26:27,297 [WARN] ApiManager:304 - Cannot register API 'Board Extension:GNSS1A1' from pack STMicroelectronics.X-CUBE-GNSS1.5.2.0: no header file found
2022-02-12 14:26:27,297 [WARN] ApiManager:304 - Cannot register API 'Board Support:Custom' from pack STMicroelectronics.X-CUBE-GNSS1.5.2.0: no header file found
2022-02-12 14:26:27,297 [WARN] ApiManager:304 - Cannot register API 'Data Exchange:lib_gnss' from pack STMicroelectronics.X-CUBE-GNSS1.5.2.0: no header file found
2022-02-12 14:26:27,297 [WARN] ApiManager:304 - Cannot register API 'Wireless:BlueNRG-MS' from pack STMicroelectronics.X-CUBE-BLE1.6.2.2: no header file found
2022-02-12 14:26:27,297 [WARN] ApiManager:304 - Cannot register API 'Wireless:BlueNRG-2' from pack STMicroelectronics.X-CUBE-BLE2.3.2.2: no header file found
2022-02-12 14:26:27,297 [WARN] ApiManager:304 - Cannot register API 'Board Extension:NFC04A1' from pack STMicroelectronics.X-CUBE-NFC4.2.0.3: no header file found
2022-02-12 14:26:28,647 [INFO] UtilMem:74 - End LoadConfig() Used Memory: 457966776 Bytes (667942912)
2022-02-12 14:26:28,650 [WARN] ThirdParty:779 - waiting for thirdparty lock release [change project]
2022-02-12 14:26:28,650 [INFO] ThirdParty:781 - entering critical section [change project]
2022-02-12 14:26:28,650 [INFO] ThirdParty:967 - CMSIS Pack Vendor :wolfSSL I-CUBE-wolfSSL 5.0.0
2022-02-12 14:26:28,650 [INFO] ThirdParty:967 - CMSIS Pack Vendor :STMicroelectronics X-CUBE-SFXS2LP1 3.1.0
2022-02-12 14:26:28,650 [INFO] ThirdParty:967 - CMSIS Pack Vendor :RoweBots I-CUBE-UNISONRTOS 5.5.0-4
2022-02-12 14:26:28,650 [INFO] ThirdParty:967 - CMSIS Pack Vendor :STMicroelectronics X-CUBE-AZRTOS-F4 1.0.0
2022-02-12 14:26:28,650 [INFO] ThirdParty:967 - CMSIS Pack Vendor :STMicroelectronics USB_HOST 2.0.0
2022-02-12 14:26:28,650 [INFO] ThirdParty:967 - CMSIS Pack Vendor :STMicroelectronics X-CUBE-AZRTOS-H7 2.0.0
2022-02-12 14:26:28,650 [INFO] ThirdParty:967 - CMSIS Pack Vendor :STMicroelectronics X-CUBE-AZRTOS-G4 1.0.0
2022-02-12 14:26:28,650 [INFO] ThirdParty:967 - CMSIS Pack Vendor :STMicroelectronics X-CUBE-AZRTOS-L4 1.0.0
2022-02-12 14:26:28,650 [INFO] ThirdParty:967 - CMSIS Pack Vendor :STMicroelectronics USB_DEVICE 3.0.0
2022-02-12 14:26:28,650 [INFO] ThirdParty:967 - CMSIS Pack Vendor :STMicroelectronics X-CUBE-TOF1 2.0.0
2022-02-12 14:26:28,650 [INFO] ThirdParty:967 - CMSIS Pack Vendor :STMicroelectronics HAL Drivers 0.0.0
2022-02-12 14:26:28,650 [INFO] ThirdParty:967 - CMSIS Pack Vendor :STMicroelectronics MBEDTLS 2.16.2
2022-02-12 14:26:28,650 [INFO] ThirdParty:967 - CMSIS Pack Vendor :STMicroelectronics MBEDTLS 2.14.1
2022-02-12 14:26:28,650 [INFO] ThirdParty:967 - CMSIS Pack Vendor :STMicroelectronics X-CUBE-AZRTOS-F7 1.0.0
2022-02-12 14:26:28,650 [INFO] ThirdParty:967 - CMSIS Pack Vendor :STMicroelectronics X-CUBE-SUBG2 4.2.0
2022-02-12 14:26:28,650 [INFO] ThirdParty:967 - CMSIS Pack Vendor :STMicroelectronics X-CUBE-MEMS1 9.1.0
2022-02-12 14:26:28,650 [INFO] ThirdParty:967 - CMSIS Pack Vendor :STMicroelectronics X-CUBE-ALS 1.0.1
2022-02-12 14:26:28,650 [INFO] ThirdParty:967 - CMSIS Pack Vendor :STMicroelectronics USB_DEVICE 2.0.0
2022-02-12 14:26:28,650 [INFO] ThirdParty:967 - CMSIS Pack Vendor :STMicroelectronics X-CUBE-AI 7.1.0
2022-02-12 14:26:28,650 [INFO] ThirdParty:967 - CMSIS Pack Vendor :STMicroelectronics X-CUBE-AI 7.0.0
2022-02-12 14:26:28,650 [INFO] ThirdParty:967 - CMSIS Pack Vendor :STMicroelectronics X-CUBE-ALGOBUILD 1.2.1
2022-02-12 14:26:28,650 [INFO] ThirdParty:967 - CMSIS Pack Vendor :STMicroelectronics X-CUBE-ALGOBUILD 1.3.0
2022-02-12 14:26:28,650 [INFO] ThirdParty:967 - CMSIS Pack Vendor :STMicroelectronics X-CUBE-AZRTOS-L5 1.0.0
2022-02-12 14:26:28,650 [INFO] ThirdParty:967 - CMSIS Pack Vendor :STMicroelectronics FreeRTOS 0.0.1
2022-02-12 14:26:28,650 [INFO] ThirdParty:967 - CMSIS Pack Vendor :STMicroelectronics USB_DEVICE 1.0.0
2022-02-12 14:26:28,650 [INFO] ThirdParty:967 - CMSIS Pack Vendor :SEGGER I-CUBE-embOS 1.2.0
2022-02-12 14:26:28,650 [INFO] ThirdParty:967 - CMSIS Pack Vendor :STMicroelectronics X-CUBE-EEPRMA1 3.1.0
2022-02-12 14:26:28,650 [INFO] ThirdParty:967 - CMSIS Pack Vendor :STMicroelectronics X-CUBE-AZRTOS-G0 1.0.0
2022-02-12 14:26:28,650 [INFO] ThirdParty:967 - CMSIS Pack Vendor :STMicroelectronics X-CUBE-GNSS1 5.2.0
2022-02-12 14:26:28,650 [INFO] ThirdParty:967 - CMSIS Pack Vendor :STMicroelectronics ThreadX 0.0.2
2022-02-12 14:26:28,650 [INFO] ThirdParty:967 - CMSIS Pack Vendor :STMicroelectronics lwIP 2.0.3
2022-02-12 14:26:28,650 [INFO] ThirdParty:967 - CMSIS Pack Vendor :STMicroelectronics lwIP 2.1.2
2022-02-12 14:26:28,650 [INFO] ThirdParty:967 - CMSIS Pack Vendor :STMicroelectronics X-CUBE-BLE1 6.2.2
2022-02-12 14:26:28,650 [INFO] ThirdParty:967 - CMSIS Pack Vendor :STMicroelectronics X-CUBE-BLE2 3.2.2
2022-02-12 14:26:28,650 [INFO] ThirdParty:967 - CMSIS Pack Vendor :STMicroelectronics X-CUBE-DISPLAY 2.0.0
2022-02-12 14:26:28,650 [INFO] ThirdParty:967 - CMSIS Pack Vendor :STMicroelectronics USB_HOST 1.0.0
2022-02-12 14:26:28,650 [INFO] ThirdParty:967 - CMSIS Pack Vendor :STMicroelectronics X-CUBE-NFC4 2.0.3
2022-02-12 14:26:28,650 [INFO] ThirdParty:967 - CMSIS Pack Vendor :STMicroelectronics X-CUBE-DISPLAY 2.0.1
2022-02-12 14:26:28,650 [INFO] ThirdParty:967 - CMSIS Pack Vendor :STMicroelectronics PDM2PCM 3.1.0
2022-02-12 14:26:28,650 [INFO] ThirdParty:967 - CMSIS Pack Vendor :STMicroelectronics PDM2PCM 3.2.0
2022-02-12 14:26:28,650 [INFO] ThirdParty:967 - CMSIS Pack Vendor :STMicroelectronics X-CUBE-TOUCHGFX 4.18.1
2022-02-12 14:26:28,650 [INFO] ThirdParty:967 - CMSIS Pack Vendor :STMicroelectronics X-CUBE-TOF1 3.0.0
2022-02-12 14:26:28,650 [INFO] ThirdParty:967 - CMSIS Pack Vendor :STMicroelectronics PDM2PCM 3.3.0
2022-02-12 14:26:28,650 [INFO] ThirdParty:967 - CMSIS Pack Vendor :STMicroelectronics X-CUBE-TOUCHGFX 4.18.0
2022-02-12 14:26:28,650 [INFO] ThirdParty:787 - exiting critical section [change project]
2022-02-12 14:26:28,916 [INFO] PinOutPanel:1463 - setPackage(No Configuration,No Configuration)
2022-02-12 14:26:28,918 [INFO] PinOutPanel:1463 - setPackage(STM32F103C8Tx,LQFP48)
2022-02-12 14:26:29,296 [INFO] UtilMem:74 - Before build in PCC Used Memory: 637005944 Bytes (667942912)
2022-02-12 14:26:29,868 [INFO] UtilMem:74 - After build in PCC Used Memory: 554884064 Bytes (667942912)
2022-02-12 14:26:29,893 [INFO] IPUIPlugin:74 - create IPUIPlugin
2022-02-12 14:26:29,893 [INFO] IPUIPlugin:74 - create IPUIPlugin
2022-02-12 14:26:29,893 [INFO] IPUIPlugin:74 - create IPUIPlugin
2022-02-12 14:26:29,893 [INFO] IPUIPlugin:74 - create IPUIPlugin
2022-02-12 14:26:29,893 [INFO] IPUIPlugin:74 - create IPUIPlugin
2022-02-12 14:26:29,893 [INFO] IPUIPlugin:74 - create IPUIPlugin
2022-02-12 14:26:29,893 [INFO] IPUIPlugin:74 - create IPUIPlugin
2022-02-12 14:26:29,894 [INFO] IPUIPlugin:74 - create IPUIPlugin
2022-02-12 14:26:29,894 [INFO] IPUIPlugin:74 - create IPUIPlugin
2022-02-12 14:26:29,894 [INFO] IPUIPlugin:74 - create IPUIPlugin
2022-02-12 14:26:29,894 [INFO] IPUIPlugin:74 - create IPUIPlugin
2022-02-12 14:26:29,894 [INFO] IPUIPlugin:74 - create IPUIPlugin
2022-02-12 14:26:29,894 [INFO] IPUIPlugin:74 - create IPUIPlugin
2022-02-12 14:26:29,894 [INFO] IPUIPlugin:74 - create IPUIPlugin
2022-02-12 14:26:29,894 [INFO] IPUIPlugin:74 - create IPUIPlugin
2022-02-12 14:26:29,894 [INFO] IPUIPlugin:74 - create IPUIPlugin
2022-02-12 14:26:29,894 [INFO] IPUIPlugin:74 - create IPUIPlugin
2022-02-12 14:26:29,894 [INFO] IPUIPlugin:74 - create IPUIPlugin
2022-02-12 14:26:29,894 [INFO] IPUIPlugin:74 - create IPUIPlugin
2022-02-12 14:26:29,894 [INFO] IPUIPlugin:74 - create IPUIPlugin
2022-02-12 14:26:29,894 [INFO] IPUIPlugin:74 - create IPUIPlugin
2022-02-12 14:26:29,894 [INFO] IPUIPlugin:74 - create IPUIPlugin
2022-02-12 14:26:29,894 [INFO] IPUIPlugin:74 - create IPUIPlugin
2022-02-12 14:26:29,894 [INFO] IPUIPlugin:74 - create IPUIPlugin
2022-02-12 14:26:29,894 [INFO] IPUIPlugin:74 - create IPUIPlugin
2022-02-12 14:26:29,898 [INFO] IPUIPlugin:74 - create IPUIPlugin
2022-02-12 14:26:29,898 [INFO] IPUIPlugin:74 - create IPUIPlugin
2022-02-12 14:26:29,996 [INFO] OpenFileManager:333 - Restore cursor
2022-02-12 14:26:30,253 [INFO] UtilMem:74 - End SaveConfig() Used Memory: 475749624 Bytes (667942912)
2022-02-12 14:26:30,302 [INFO] UtilMem:74 - End SaveConfig() Used Memory: 489482232 Bytes (667942912)
2022-02-12 14:26:30,649 [INFO] BlockDiagram:2740 - set Specific Code input for plugin: NVIC
2022-02-12 14:26:30,649 [INFO] BlockDiagram:2740 - set Specific Code input for plugin: SYS
2022-02-12 14:26:30,649 [INFO] BlockDiagram:2740 - set Specific Code input for plugin: RCC
2022-02-12 14:26:30,650 [INFO] CodeGenerator:663 - code generatio: config db path: C:\ST\STM32CubeIDE_1.7.0\STM32CubeIDE\plugins\com.st.stm32cube.common.mx_6.3.0.202107141111\\db\
2022-02-12 14:26:31,007 [INFO] CodeEngine:239 - oldGeneratedFile, D:\New_project\Systems\MXTmpFiles\license.tmp_save
2022-02-12 14:26:31,349 [INFO] CodeEngine:257 - Generated code: D:\New_project\Systems\MXTmpFiles\license.tmp
2022-02-12 14:26:31,464 [INFO] CodeEngine:239 - oldGeneratedFile, D:\New_project\Systems\Core\Src\stm32f1xx_it.c_save
2022-02-12 14:26:31,638 [INFO] CodeEngine:257 - Generated code: D:\New_project\Systems\Core\Src\stm32f1xx_it.c
2022-02-12 14:26:31,645 [INFO] CodeEngine:239 - oldGeneratedFile, D:\New_project\Systems\Core\Inc\stm32f1xx_it.h_save
2022-02-12 14:26:31,715 [INFO] CodeEngine:257 - Generated code: D:\New_project\Systems\Core\Inc\stm32f1xx_it.h
2022-02-12 14:26:31,727 [INFO] CodeEngine:239 - oldGeneratedFile, D:\New_project\Systems\Core\Src\stm32f1xx_hal_msp.c_save
2022-02-12 14:26:31,824 [INFO] CodeEngine:257 - Generated code: D:\New_project\Systems\Core\Src\stm32f1xx_hal_msp.c
2022-02-12 14:26:31,831 [INFO] CodeEngine:239 - oldGeneratedFile, D:\New_project\Systems\MXTmpFiles\system.tmp_save
2022-02-12 14:26:31,911 [INFO] CodeEngine:257 - Generated code: D:\New_project\Systems\MXTmpFiles\system.tmp
2022-02-12 14:26:31,923 [INFO] CodeEngine:239 - oldGeneratedFile, D:\New_project\Systems\Core\Inc\stm32f1xx_hal_conf.h_save
2022-02-12 14:26:32,007 [INFO] CodeEngine:257 - Generated code: D:\New_project\Systems\Core\Inc\stm32f1xx_hal_conf.h
2022-02-12 14:26:32,073 [INFO] CodeEngine:239 - oldGeneratedFile, D:\New_project\Systems\Core\Inc\main.h_save
2022-02-12 14:26:32,187 [INFO] CodeEngine:257 - Generated code: D:\New_project\Systems\Core\Inc\main.h
2022-02-12 14:26:32,196 [INFO] CodeEngine:239 - oldGeneratedFile, D:\New_project\Systems\Core\Src\main.c_save
2022-02-12 14:26:32,317 [INFO] CodeEngine:257 - Generated code: D:\New_project\Systems\Core\Src\main.c
2022-02-12 14:26:33,910 [INFO] ProjectBuilder:2578 - Time for Copy HAL[1] : 660mS.
2022-02-12 14:26:33,932 [INFO] ProjectBuilder:3622 - Project Generator version: 3.14.1
2022-02-12 14:26:34,561 [INFO] ConfigFileManager:1271 - The Die is : DIE410
2022-02-12 14:26:34,579 [INFO] ApiDbMcu:468 - Load IP Config File for FATFS
2022-02-12 14:26:34,601 [INFO] ApiDbMcu:468 - Load IP Config File for FREERTOS
2022-02-12 14:26:34,629 [INFO] ApiDbMcu:468 - Load IP Config File for USB_DEVICE
2022-02-12 14:26:41,994 [INFO] ProjectBuilder:3789 - Time for Generating toolchain IDE Files: 8062mS.
2022-02-12 14:26:41,994 [INFO] ProjectBuilder:2457 - Time for Copy CMSIS : 0mS.
2022-02-12 14:26:41,996 [INFO] ProjectBuilder:2457 - Time for Copy CMSIS : 0mS.
2022-02-12 14:26:42,287 [INFO] McuFinderGlobals:52 - Set McuFinderConnectedMode to true
2022-02-12 14:26:42,288 [INFO] ApiDb:276 - Save user favorites file C:\Users\Hussam Hamdy/.stm32cubeide/favorites.mcus.txt: 1 item(s)
2022-02-12 14:26:42,289 [INFO] ApiDb:280 - User favorites MCUs=[STM32F103C8Tx]
2022-02-12 14:28:22,588 [INFO] UtilMem:74 - End SaveConfig() Used Memory: 737383440 Bytes (1008730112)
2022-02-12 14:28:24,399 [INFO] UtilMem:74 - End SaveConfig() Used Memory: 754749272 Bytes (1008730112)
2022-02-12 14:28:27,233 [INFO] UtilMem:74 - End SaveConfig() Used Memory: 568038416 Bytes (1008730112)
2022-02-12 14:28:27,588 [INFO] BlockDiagram:2740 - set Specific Code input for plugin: SPI
2022-02-12 14:28:27,588 [INFO] BlockDiagram:2740 - set Specific Code input for plugin: NVIC
2022-02-12 14:28:27,588 [INFO] BlockDiagram:2740 - set Specific Code input for plugin: USART
2022-02-12 14:28:27,588 [INFO] BlockDiagram:2740 - set Specific Code input for plugin: TIM1_8F1
2022-02-12 14:28:27,588 [INFO] BlockDiagram:2740 - set Specific Code input for plugin: SYS
2022-02-12 14:28:27,588 [INFO] BlockDiagram:2740 - set Specific Code input for plugin: GPIO
2022-02-12 14:28:27,588 [INFO] BlockDiagram:2740 - set Specific Code input for plugin: RCC
2022-02-12 14:28:27,592 [INFO] CodeGenerator:663 - code generatio: config db path: C:\ST\STM32CubeIDE_1.7.0\STM32CubeIDE\plugins\com.st.stm32cube.common.mx_6.3.0.202107141111\\db\
2022-02-12 14:28:27,890 [INFO] CodeEngine:239 - oldGeneratedFile, D:\New_project\Systems\MXTmpFiles\license.tmp_save
2022-02-12 14:28:27,943 [INFO] CodeEngine:257 - Generated code: D:\New_project\Systems\MXTmpFiles\license.tmp
2022-02-12 14:28:28,002 [INFO] CodeEngine:239 - oldGeneratedFile, D:\New_project\Systems\MXTmpFiles\gpio.tmp_save
2022-02-12 14:28:28,068 [INFO] CodeEngine:257 - Generated code: D:\New_project\Systems\MXTmpFiles\gpio.tmp
2022-02-12 14:28:28,267 [INFO] CodeEngine:239 - oldGeneratedFile, D:\New_project\Systems\Core\Src\stm32f1xx_it.c_save
2022-02-12 14:28:28,447 [INFO] CodeEngine:257 - Generated code: D:\New_project\Systems\Core\Src\stm32f1xx_it.c
2022-02-12 14:28:28,450 [INFO] CodeEngine:239 - oldGeneratedFile, D:\New_project\Systems\Core\Inc\stm32f1xx_it.h_save
2022-02-12 14:28:28,511 [INFO] CodeEngine:257 - Generated code: D:\New_project\Systems\Core\Inc\stm32f1xx_it.h
2022-02-12 14:28:28,523 [INFO] CodeEngine:239 - oldGeneratedFile, D:\New_project\Systems\Core\Src\stm32f1xx_hal_msp.c_save
2022-02-12 14:28:28,629 [INFO] CodeEngine:257 - Generated code: D:\New_project\Systems\Core\Src\stm32f1xx_hal_msp.c
2022-02-12 14:28:28,631 [INFO] CodeEngine:239 - oldGeneratedFile, D:\New_project\Systems\MXTmpFiles\system.tmp_save
2022-02-12 14:28:28,683 [INFO] CodeEngine:257 - Generated code: D:\New_project\Systems\MXTmpFiles\system.tmp
2022-02-12 14:28:28,690 [INFO] CodeEngine:239 - oldGeneratedFile, D:\New_project\Systems\Core\Src\stm32f1xx_hal_timebase_tim.c_save
2022-02-12 14:28:28,792 [INFO] CodeEngine:257 - Generated code: D:\New_project\Systems\Core\Src\stm32f1xx_hal_timebase_tim.c
2022-02-12 14:28:28,827 [INFO] CodeEngine:239 - oldGeneratedFile, D:\New_project\Systems\Core\Inc\stm32f1xx_hal_conf.h_save
2022-02-12 14:28:28,957 [INFO] CodeEngine:257 - Generated code: D:\New_project\Systems\Core\Inc\stm32f1xx_hal_conf.h
2022-02-12 14:28:28,976 [WARN] IPConfigManager:3148 - IP not found : TIM
2022-02-12 14:28:28,976 [WARN] CodeGenerator:3268 - IP not found : null
2022-02-12 14:28:28,989 [INFO] CodeEngine:239 - oldGeneratedFile, D:\New_project\Systems\Core\Inc\main.h_save
2022-02-12 14:28:29,058 [INFO] CodeEngine:257 - Generated code: D:\New_project\Systems\Core\Inc\main.h
2022-02-12 14:28:29,070 [INFO] CodeEngine:239 - oldGeneratedFile, D:\New_project\Systems\Core\Src\main.c_save
2022-02-12 14:28:29,240 [INFO] CodeEngine:257 - Generated code: D:\New_project\Systems\Core\Src\main.c
2022-02-12 14:28:30,253 [INFO] ProjectBuilder:2578 - Time for Copy HAL[1] : 100mS.
2022-02-12 14:28:30,255 [INFO] ProjectBuilder:3622 - Project Generator version: 3.14.1
2022-02-12 14:28:30,808 [INFO] ConfigFileManager:1271 - The Die is : DIE410
2022-02-12 14:28:32,927 [INFO] ProjectBuilder:3789 - Time for Generating toolchain IDE Files: 2672mS.
2022-02-12 14:28:32,927 [INFO] ProjectBuilder:2457 - Time for Copy CMSIS : 0mS.
2022-02-12 14:28:32,927 [INFO] ProjectBuilder:2457 - Time for Copy CMSIS : 0mS.
2022-02-12 14:30:26,828 [INFO] Activator:177 - 


2022-02-12 14:30:26,828 [INFO] Activator:178 - !SESSION log4j initialized
2022-02-12 14:31:17,716 [INFO] Activator:177 - 


2022-02-12 14:31:17,716 [INFO] Activator:178 - !SESSION log4j initialized
